<?xml version="1.0" encoding="UTF-8"?>
<!-- Generated by org.testng.reporters.JUnitReportReporter -->
<testsuite hostname="praveen" failures="0" tests="2" name="assignment_runpakeges.runneer_sript1" time="12.565" errors="0" timestamp="2023-06-15T20:44:24 IST" skipped="0">
  <testcase classname="assignment_runpakeges.runneer_sript1" name="run" time="6.434"/>
  <testcase classname="assignment_runpakeges.runneer_sript1" name="go" time="6.131"/>
</testsuite> <!-- assignment_runpakeges.runneer_sript1 -->
