<?xml version="1.0" encoding="UTF-8"?>
<!-- Generated by org.testng.reporters.JUnitReportReporter -->
<testsuite hostname="praveen" failures="0" tests="1" name="Testngsript_pakage.demo2" time="0.001" errors="0" timestamp="2023-06-15T20:41:30 IST" skipped="0">
  <testcase classname="Testngsript_pakage.demo2" name="test1" time="0.001">
    <system-out>
      <![CDATA[hi]]>
    </system-out>
  </testcase> <!-- test1 -->
  <system-out>
    <![CDATA[hi
hello
hi]]>
  </system-out>
</testsuite> <!-- Testngsript_pakage.demo2 -->
