<?xml version="1.0" encoding="UTF-8"?>
<!-- Generated by org.testng.reporters.JUnitReportReporter -->
<testsuite hostname="praveen" failures="0" tests="1" name="Testngsript_pakage.runnerscript" time="6.311" errors="0" timestamp="2023-06-15T20:42:16 IST" skipped="0">
  <testcase classname="Testngsript_pakage.runnerscript" name="validLogin" time="6.311"/>
</testsuite> <!-- Testngsript_pakage.runnerscript -->
