<?xml version="1.0" encoding="UTF-8"?>
<!-- Generated by org.testng.reporters.JUnitReportReporter -->
<testsuite hostname="praveen" failures="0" tests="2" name="Testngsript_pakage.demo1" time="0.007" errors="0" timestamp="2023-06-15T20:41:30 IST" skipped="0">
  <testcase classname="Testngsript_pakage.demo1" name="test1" time="0.006">
    <system-out>
      <![CDATA[hi]]>
    </system-out>
  </testcase> <!-- test1 -->
  <testcase classname="Testngsript_pakage.demo1" name="test2" time="0.001">
    <system-out>
      <![CDATA[hello]]>
    </system-out>
  </testcase> <!-- test2 -->
  <system-out>
    <![CDATA[hi
hello
hi]]>
  </system-out>
</testsuite> <!-- Testngsript_pakage.demo1 -->
